<?xml version="1.0" encoding="UTF-8"?>
<!-- Generated by org.testng.reporters.JUnitXMLReporter -->
<testsuite ignored="14" hostname="RAGHULs-MacBook-Air.local" failures="2" tests="29" name="Test" time="387.691" errors="0" timestamp="2026-03-01T02:11:36 IST">
  <testcase classname="test.LoginTest" name="loginprac" time="1.099">
    <failure type="java.lang.AssertionError" message="expected [true] but found [false]">
      <![CDATA[java.lang.AssertionError: expected [true] but found [false]
at pages.LoginPage.validatelogin(LoginPage.java:69)
at test.LoginTest.loginprac(LoginTest.java:33)
at java.base/java.util.ArrayList.forEach(ArrayList.java:1596)
... Removed 29 stack frames]]>
    </failure>
  </testcase> <!-- loginprac -->
  <testcase classname="test.LoginTest" name="loginprac" time="0.955"/>
  <testcase classname="test.LoginTest" name="loginprac" time="0.905"/>
  <testcase classname="test.LoginTest" name="loginprac" time="0.919"/>
  <testcase classname="test.LoginTest" name="loginprac" time="0.878"/>
  <testcase classname="test.SignupTest" name="signup" time="1.812"/>
  <testcase classname="test.SignupTest" name="signup" time="1.847"/>
  <testcase classname="test.SignupTest" name="signup" time="1.913"/>
  <testcase classname="test.SignupTest" name="signup" time="1.848"/>
  <testcase classname="test.SignupTest" name="signup" time="1.905"/>
  <testcase classname="test.AddContactTest" name="AddContact" time="3.469"/>
  <testcase classname="test.AddContactTest" name="AddContact" time="3.542"/>
  <testcase classname="test.AddContactTest" name="AddContact" time="3.315"/>
  <testcase classname="test.AddContactTest" name="AddContact" time="3.458"/>
  <testcase classname="test.AddContactTest" name="AddContact" time="3.295"/>
  <testcase classname="test.EditContactTest" name="editcontactsbutton" time="4.342"/>
  <testcase classname="test.EditContactTest" name="editcontact" time="6.628"/>
  <testcase classname="test.EditContactTest" name="canceledit" time="5.086"/>
  <testcase classname="test.DeleteContactTest" name="deletecontact" time="3.805"/>
  <testcase classname="test.DeleteContactTest" name="deletealert" time="3.547"/>
  <testcase classname="test.DeleteContactTest" name="deleteconformation" time="34.976"/>
  <testcase classname="test.SessionAndNavigationTest" name="redirect" time="2.927"/>
  <testcase classname="test.SessionAndNavigationTest" name="refresh" time="1.586"/>
  <testcase classname="test.SessionAndNavigationTest" name="verifyurl" time="0.801"/>
  <testcase classname="test.SessionAndNavigationTest" name="Backbutton" time="1.377"/>
  <testcase classname="test.UIandResponsivenessTest" name="successindicators" time="33.495">
    <failure type="org.openqa.selenium.TimeoutException" message="Expected condition failed: waiting for visibility of element found by By.xpath: //div[contains(@class,&amp;apos;toast-message&amp;apos;)], but... org.openqa.selenium.NoSuchElementException: no such element: Unable to locate element: {&amp;quot;method&amp;quot;:&amp;quot;xpath&amp;quot;,&amp;quot;selector&amp;quot;:&amp;quot;//div[contains(@class,&amp;apos;toast-message&amp;apos;)]&amp;quot;}.
(tried for 5 seconds with 500 milliseconds interval)
Build info: version: &amp;apos;4.41.0&amp;apos;, revision: &amp;apos;9fc754f&amp;apos;
System info: os.name: &amp;apos;Mac OS X&amp;apos;, os.arch: &amp;apos;x86_64&amp;apos;, os.version: &amp;apos;15.7.3&amp;apos;, java.version: &amp;apos;21.0.7&amp;apos;
Driver info: org.openqa.selenium.chrome.ChromeDriver
Capabilities {acceptInsecureCerts: false, browserName: chrome, browserVersion: 145.0.7632.117, chrome: {chromedriverVersion: 145.0.7632.117 (de4e5d6e13b..., userDataDir: /var/folders/0t/29h526h57ms...}, fedcm:accounts: true, goog:chromeOptions: {debuggerAddress: localhost:58409}, goog:processID: 10089, networkConnectionEnabled: false, pageLoadStrategy: normal, platformName: mac, proxy: Proxy(), se:cdp: ws://localhost:58409/devtoo..., se:cdpVersion: 145.0.7632.117, setWindowRect: true, strictFileInteractability: false, timeouts: {implicit: 0, pageLoad: 300000, script: 30000}, unhandledPromptBehavior: dismiss and notify, webauthn:extension:credBlob: true, webauthn:extension:largeBlob: true, webauthn:extension:minPinLength: true, webauthn:extension:prf: true, webauthn:virtualAuthenticators: true}
Session ID: f403bc393e34e0d0691e905eee4a36ea">
      <![CDATA[org.openqa.selenium.TimeoutException: Expected condition failed: waiting for visibility of element found by By.xpath: //div[contains(@class,'toast-message')], but... org.openqa.selenium.NoSuchElementException: no such element: Unable to locate element: {"method":"xpath","selector":"//div[contains(@class,'toast-message')]"}.
(tried for 5 seconds with 500 milliseconds interval)
Build info: version: '4.41.0', revision: '9fc754f'
System info: os.name: 'Mac OS X', os.arch: 'x86_64', os.version: '15.7.3', java.version: '21.0.7'
Driver info: org.openqa.selenium.chrome.ChromeDriver
Capabilities {acceptInsecureCerts: false, browserName: chrome, browserVersion: 145.0.7632.117, chrome: {chromedriverVersion: 145.0.7632.117 (de4e5d6e13b..., userDataDir: /var/folders/0t/29h526h57ms...}, fedcm:accounts: true, goog:chromeOptions: {debuggerAddress: localhost:58409}, goog:processID: 10089, networkConnectionEnabled: false, pageLoadStrategy: normal, platformName: mac, proxy: Proxy(), se:cdp: ws://localhost:58409/devtoo..., se:cdpVersion: 145.0.7632.117, setWindowRect: true, strictFileInteractability: false, timeouts: {implicit: 0, pageLoad: 300000, script: 30000}, unhandledPromptBehavior: dismiss and notify, webauthn:extension:credBlob: true, webauthn:extension:largeBlob: true, webauthn:extension:minPinLength: true, webauthn:extension:prf: true, webauthn:virtualAuthenticators: true}
Session ID: f403bc393e34e0d0691e905eee4a36ea
at org.openqa.selenium.support.ui.WebDriverWait.timeoutException(WebDriverWait.java:85)
at org.openqa.selenium.support.ui.FluentWait.until(FluentWait.java:233)
at pages.ContactPage.getToastMessage(ContactPage.java:242)
at test.UIandResponsivenessTest.successindicators(UIandResponsivenessTest.java:80)
at java.base/java.util.ArrayList.forEach(ArrayList.java:1596)
... Removed 25 stack frames]]>
    </failure>
  </testcase> <!-- successindicators -->
  <testcase classname="test.UIandResponsivenessTest" name="alignment" time="3.342"/>
  <testcase classname="test.InputvalidationTest" name="addingemoji" time="5.202"/>
  <testcase classname="test.InputvalidationTest" name="successindicators" time="4.065"/>
  <testcase classname="base.Projectspecificmethods" name="@AfterSuite closereport" time="0.0">
    <ignored/>
  </testcase> <!-- @AfterSuite closereport -->
  <testcase classname="base.Projectspecificmethods" name="@BeforeSuite reportintialization" time="0.0">
    <ignored/>
  </testcase> <!-- @BeforeSuite reportintialization -->
  <testcase classname="base.Projectspecificmethods" name="@AfterSuite closereport" time="0.0">
    <ignored/>
  </testcase> <!-- @AfterSuite closereport -->
  <testcase classname="base.Projectspecificmethods" name="@BeforeSuite reportintialization" time="0.0">
    <ignored/>
  </testcase> <!-- @BeforeSuite reportintialization -->
  <testcase classname="base.Projectspecificmethods" name="@BeforeSuite reportintialization" time="0.0">
    <ignored/>
  </testcase> <!-- @BeforeSuite reportintialization -->
  <testcase classname="base.Projectspecificmethods" name="@AfterSuite closereport" time="0.0">
    <ignored/>
  </testcase> <!-- @AfterSuite closereport -->
  <testcase classname="base.Projectspecificmethods" name="@AfterSuite closereport" time="0.0">
    <ignored/>
  </testcase> <!-- @AfterSuite closereport -->
  <testcase classname="base.Projectspecificmethods" name="@BeforeSuite reportintialization" time="0.0">
    <ignored/>
  </testcase> <!-- @BeforeSuite reportintialization -->
  <testcase classname="base.Projectspecificmethods" name="@AfterSuite closereport" time="0.0">
    <ignored/>
  </testcase> <!-- @AfterSuite closereport -->
  <testcase classname="base.Projectspecificmethods" name="@BeforeSuite reportintialization" time="0.0">
    <ignored/>
  </testcase> <!-- @BeforeSuite reportintialization -->
  <testcase classname="base.Projectspecificmethods" name="@BeforeSuite reportintialization" time="0.0">
    <ignored/>
  </testcase> <!-- @BeforeSuite reportintialization -->
  <testcase classname="base.Projectspecificmethods" name="@BeforeSuite reportintialization" time="0.0">
    <ignored/>
  </testcase> <!-- @BeforeSuite reportintialization -->
  <testcase classname="base.Projectspecificmethods" name="@AfterSuite closereport" time="0.0">
    <ignored/>
  </testcase> <!-- @AfterSuite closereport -->
  <testcase classname="base.Projectspecificmethods" name="@AfterSuite closereport" time="0.0">
    <ignored/>
  </testcase> <!-- @AfterSuite closereport -->
</testsuite> <!-- Test -->
