<?xml version="1.0" encoding="UTF-8"?>
<!-- Generated by org.testng.reporters.JUnitReportReporter -->
<testsuite hostname="RAGHULs-MacBook-Air.local" failures="0" tests="5" name="test.SignupTest" time="49.480" errors="0" timestamp="2026-03-01T02:11:37 IST" skipped="0">
  <testcase classname="test.SignupTest" name="signup" time="9.904"/>
  <testcase classname="test.SignupTest" name="signup" time="9.793"/>
  <testcase classname="test.SignupTest" name="signup" time="10.174"/>
  <testcase classname="test.SignupTest" name="signup" time="9.743"/>
  <testcase classname="test.SignupTest" name="signup" time="9.866"/>
</testsuite> <!-- test.SignupTest -->
