<?xml version="1.0" encoding="UTF-8"?>
<!-- Generated by org.testng.reporters.JUnitReportReporter -->
<testsuite hostname="RAGHULs-MacBook-Air.local" failures="0" tests="2" name="test.InputvalidationTest" time="25.173" errors="0" timestamp="2026-03-01T02:11:37 IST" skipped="0">
  <testcase classname="test.InputvalidationTest" name="addingemoji" time="13.164"/>
  <testcase classname="test.InputvalidationTest" name="successindicators" time="12.009"/>
</testsuite> <!-- test.InputvalidationTest -->
