<?xml version="1.0" encoding="UTF-8"?>
<!-- Generated by org.testng.reporters.JUnitReportReporter -->
<testsuite hostname="RAGHULs-MacBook-Air.local" failures="0" tests="3" name="test.EditContact" time="46.559" errors="0" timestamp="2026-02-27T10:38:07 IST" skipped="0">
  <testcase classname="test.EditContact" name="editcontactsbutton" time="15.308"/>
  <testcase classname="test.EditContact" name="editcontact" time="16.641"/>
  <testcase classname="test.EditContact" name="canceledit" time="14.610"/>
</testsuite> <!-- test.EditContact -->
