<?xml version="1.0" encoding="UTF-8"?>
<!-- Generated by org.testng.reporters.JUnitReportReporter -->
<testsuite hostname="RAGHULs-MacBook-Air.local" failures="0" tests="3" name="test.DeleteContactTest" time="66.232" errors="0" timestamp="2026-03-01T02:11:37 IST" skipped="0">
  <testcase classname="test.DeleteContactTest" name="deletecontact" time="11.795"/>
  <testcase classname="test.DeleteContactTest" name="deletealert" time="11.459"/>
  <testcase classname="test.DeleteContactTest" name="deleteconformation" time="42.978"/>
</testsuite> <!-- test.DeleteContactTest -->
