<?xml version="1.0" encoding="UTF-8"?>
<!-- Generated by org.testng.reporters.JUnitReportReporter -->
<testsuite hostname="RAGHULs-MacBook-Air.local" failures="0" tests="3" name="test.EditContactTest" time="39.833" errors="0" timestamp="2026-03-01T02:11:37 IST" skipped="0">
  <testcase classname="test.EditContactTest" name="editcontactsbutton" time="12.280"/>
  <testcase classname="test.EditContactTest" name="editcontact" time="14.580"/>
  <testcase classname="test.EditContactTest" name="canceledit" time="12.973"/>
</testsuite> <!-- test.EditContactTest -->
