<?xml version="1.0" encoding="UTF-8"?>
<!-- Generated by org.testng.reporters.JUnitReportReporter -->
<testsuite hostname="RAGHULs-MacBook-Air.local" failures="0" tests="5" name="test.AddContactTest" time="56.790" errors="0" timestamp="2026-03-01T02:11:37 IST" skipped="0">
  <testcase classname="test.AddContactTest" name="AddContact" time="11.526"/>
  <testcase classname="test.AddContactTest" name="AddContact" time="11.184"/>
  <testcase classname="test.AddContactTest" name="AddContact" time="11.387"/>
  <testcase classname="test.AddContactTest" name="AddContact" time="11.379"/>
  <testcase classname="test.AddContactTest" name="AddContact" time="11.314"/>
</testsuite> <!-- test.AddContactTest -->
