<?xml version="1.0" encoding="UTF-8"?>
<!-- Generated by org.testng.reporters.JUnitReportReporter -->
<testsuite hostname="RAGHULs-MacBook-Air.local" failures="0" tests="4" name="test.SessionAndNavigationTest" time="38.504" errors="0" timestamp="2026-03-01T02:11:37 IST" skipped="0">
  <testcase classname="test.SessionAndNavigationTest" name="redirect" time="10.853"/>
  <testcase classname="test.SessionAndNavigationTest" name="refresh" time="9.486"/>
  <testcase classname="test.SessionAndNavigationTest" name="verifyurl" time="8.853"/>
  <testcase classname="test.SessionAndNavigationTest" name="Backbutton" time="9.312"/>
</testsuite> <!-- test.SessionAndNavigationTest -->
